<testsuites name="Mocha Tests">
  <testsuite name="Extension API startRSP" tests="4" errors="0" failures="0" skipped="0" timestamp="2020-04-09T21:14:23" time="0.066">
    <testcase classname="Extension API startRSP" name="check that updateRSPStateChanged is being called twice" time="0.003">
    </testcase>
    <testcase classname="Extension API startRSP" name="check that server start is called with right params" time="0.001">
    </testcase>
    <testcase classname="Extension API startRSP" name="check that updateRSPStateChanged is being called twice if starting server fail" time="0.001">
    </testcase>
    <testcase classname="Extension API startRSP" name="error if starting server fail" time="0.001">
    </testcase>
  </testsuite>
  <testsuite name="Extension API stopRSP" tests="1" errors="0" failures="0" skipped="0" timestamp="2020-04-09T21:14:23" time="0.001">
    <testcase classname="Extension API stopRSP" name="check server terminate is called" time="0.001">
    </testcase>
  </testsuite>
  <testsuite name="Extension API getHost" tests="1" errors="0" failures="0" skipped="0" timestamp="2020-04-09T21:14:23" time="0.023">
    <testcase classname="Extension API getHost" name="check if correct host is returned after startRSP is called" time="0.001">
    </testcase>
  </testsuite>
  <testsuite name="Extension API getPort" tests="1" errors="0" failures="0" skipped="0" timestamp="2020-04-09T21:14:23" time="0.001">
    <testcase classname="Extension API getPort" name="check if correct port is returned after startRSp is called" time="0.001">
    </testcase>
  </testsuite>
  <testsuite name="Server Tests startRSP" tests="1" errors="0" failures="0" skipped="0" timestamp="2020-04-09T21:14:23" time="0.002">
    <testcase classname="Server Tests startRSP" name="error if resolveRequirement fails" time="0.001">
      <system-out><![CDATA[{ message: 'error', btns: [ { label: 'label' } ] }
]]></system-out>
    </testcase>
  </testsuite>
</testsuites>